<?xml version="1.0" encoding="UTF-8"?>
<checkstyle version="6.19">
<file name="C:\Users\Jose Antonio\Desktop\gradle03\src\test\java\LibraryTest.java">
<error line="1" severity="warning" message="Falta la declaración de paquete." source="com.puppycrawl.tools.checkstyle.checks.coding.PackageDeclarationCheck"/>
<error line="2" severity="warning" message="&apos;import&apos; debe ser separado de la declaración anterior." source="com.puppycrawl.tools.checkstyle.checks.whitespace.EmptyLineSeparatorCheck"/>
<error line="2" severity="warning" message="Usar la importación con &apos;.*&apos; debería evitarse - org.junit.Assert.*." source="com.puppycrawl.tools.checkstyle.checks.imports.AvoidStarImportCheck"/>
<error line="12" column="17" severity="warning" message="La variable &apos;classUnderTest&apos; debe declararse final." source="com.puppycrawl.tools.checkstyle.checks.coding.FinalLocalVariableCheck"/>
</file>
</checkstyle>
